  Main.c
C:\Users\David\Documents\GitHub\HangMan\HangMan\HangMan\HangMan\Main.c(20,52): warning C4047: '=': 'char *' differs in levels of indirection from 'char'
C:\Users\David\Documents\GitHub\HangMan\HangMan\HangMan\HangMan\Main.c(32,13): warning C4477: 'scanf_s' : format string '%d' requires an argument of type 'int *', but variadic argument 1 has type 'int'
C:\Users\David\Documents\GitHub\HangMan\HangMan\HangMan\HangMan\Main.c(45,35): warning C4047: 'function': 'const char *const ' differs in levels of indirection from 'char'
C:\Users\David\Documents\GitHub\HangMan\HangMan\HangMan\HangMan\Main.c(45,35): warning C4024: 'printf': different types for formal and actual parameter 1
C:\Users\David\Documents\GitHub\HangMan\HangMan\HangMan\HangMan\Main.c(48,35): warning C4047: 'function': 'const char *const ' differs in levels of indirection from 'char'
C:\Users\David\Documents\GitHub\HangMan\HangMan\HangMan\HangMan\Main.c(48,35): warning C4024: 'printf': different types for formal and actual parameter 1
C:\Users\David\Documents\GitHub\HangMan\HangMan\HangMan\HangMan\Main.c(57,21): warning C4473: 'scanf_s' : not enough arguments passed for format string
C:\Users\David\Documents\GitHub\HangMan\HangMan\HangMan\HangMan\Main.c(57,21): message : placeholders and their parameters expect 2 variadic arguments, but 1 were provided
C:\Users\David\Documents\GitHub\HangMan\HangMan\HangMan\HangMan\Main.c(57,21): message : the missing variadic argument 2 is required by format string '%c'
C:\Users\David\Documents\GitHub\HangMan\HangMan\HangMan\HangMan\Main.c(57,21): message : this argument is used as a buffer size
C:\Users\David\Documents\GitHub\HangMan\HangMan\HangMan\HangMan\Main.c(61,37): warning C4047: '==': 'char *' differs in levels of indirection from 'int'
C:\Users\David\Documents\GitHub\HangMan\HangMan\HangMan\HangMan\Main.c(99,35): warning C4047: 'function': 'const char *const ' differs in levels of indirection from 'char'
C:\Users\David\Documents\GitHub\HangMan\HangMan\HangMan\HangMan\Main.c(99,35): warning C4024: 'printf': different types for formal and actual parameter 1
C:\Users\David\Documents\GitHub\HangMan\HangMan\HangMan\HangMan\Main.c(102,35): warning C4047: 'function': 'const char *const ' differs in levels of indirection from 'char'
C:\Users\David\Documents\GitHub\HangMan\HangMan\HangMan\HangMan\Main.c(102,35): warning C4024: 'printf': different types for formal and actual parameter 1
C:\Users\David\Documents\GitHub\HangMan\HangMan\HangMan\HangMan\Main.c(111,21): warning C4473: 'scanf_s' : not enough arguments passed for format string
C:\Users\David\Documents\GitHub\HangMan\HangMan\HangMan\HangMan\Main.c(111,21): message : placeholders and their parameters expect 2 variadic arguments, but 1 were provided
C:\Users\David\Documents\GitHub\HangMan\HangMan\HangMan\HangMan\Main.c(111,21): message : the missing variadic argument 2 is required by format string '%c'
C:\Users\David\Documents\GitHub\HangMan\HangMan\HangMan\HangMan\Main.c(111,21): message : this argument is used as a buffer size
C:\Users\David\Documents\GitHub\HangMan\HangMan\HangMan\HangMan\Main.c(115,37): warning C4047: '==': 'char *' differs in levels of indirection from 'int'
C:\Users\David\Documents\GitHub\HangMan\HangMan\HangMan\HangMan\Main.c(147,35): warning C4047: 'function': 'const char *const ' differs in levels of indirection from 'char'
C:\Users\David\Documents\GitHub\HangMan\HangMan\HangMan\HangMan\Main.c(147,35): warning C4024: 'printf': different types for formal and actual parameter 1
C:\Users\David\Documents\GitHub\HangMan\HangMan\HangMan\HangMan\Main.c(150,35): warning C4047: 'function': 'const char *const ' differs in levels of indirection from 'char'
C:\Users\David\Documents\GitHub\HangMan\HangMan\HangMan\HangMan\Main.c(150,35): warning C4024: 'printf': different types for formal and actual parameter 1
C:\Users\David\Documents\GitHub\HangMan\HangMan\HangMan\HangMan\Main.c(159,21): warning C4473: 'scanf_s' : not enough arguments passed for format string
C:\Users\David\Documents\GitHub\HangMan\HangMan\HangMan\HangMan\Main.c(159,21): message : placeholders and their parameters expect 2 variadic arguments, but 1 were provided
C:\Users\David\Documents\GitHub\HangMan\HangMan\HangMan\HangMan\Main.c(159,21): message : the missing variadic argument 2 is required by format string '%c'
C:\Users\David\Documents\GitHub\HangMan\HangMan\HangMan\HangMan\Main.c(159,21): message : this argument is used as a buffer size
C:\Users\David\Documents\GitHub\HangMan\HangMan\HangMan\HangMan\Main.c(163,37): warning C4047: '==': 'char *' differs in levels of indirection from 'int'
  HangMan.vcxproj -> C:\Users\David\Documents\GitHub\HangMan\HangMan\HangMan\Debug\HangMan.exe
